<?xml version="1.0" encoding="UTF-8" ?>
<testsuite tests="16" failures="0" name="entities.UsuarioTest" time="0.384" errors="0" skipped="0">
  <properties>
[...]
</properties>
  <testcase classname="entities.UsuarioTest" name="testSetPassword" time="0.348"/>
  <testcase classname="entities.UsuarioTest" name="testGetPassword" time="0.001"/>
  <testcase classname="entities.UsuarioTest" name="testGetCurso" time="0.001"/>
  <testcase classname="entities.UsuarioTest" name="testGetId" time="0.001"/>
  <testcase classname="entities.UsuarioTest" name="testSetId" time="0.001"/>
  <testcase classname="entities.UsuarioTest" name="testCambiarPassword" time="0.003"/>
  <testcase classname="entities.UsuarioTest" name="testToString" time="0.001"/>
  <testcase classname="entities.UsuarioTest" name="testSetCorreo" time="0.001"/>
  <testcase classname="entities.UsuarioTest" name="testHashCode" time="0.001"/>
  <testcase classname="entities.UsuarioTest" name="testGetCorreo" time="0"/>
  <testcase classname="entities.UsuarioTest" name="testSetNombre" time="0"/>
  <testcase classname="entities.UsuarioTest" name="testEquals" time="0"/>
  <testcase classname="entities.UsuarioTest" name="testGetNombre" time="0.001"/>
  <testcase classname="entities.UsuarioTest" name="testGetRol" time="0.001"/>
  <testcase classname="entities.UsuarioTest" name="testSetRol" time="0.002"/>
  <testcase classname="entities.UsuarioTest" name="testSetCurso" time="0.002"/>
</testsuite>